<?xml version="1.0" encoding="utf-8"?>
<coverage line-rate="0.5705" branch-rate="0.40979999999999994" version="1.9" timestamp="1778869853" lines-covered="2233" lines-valid="3914" branches-covered="541" branches-valid="1320">
  <sources>
    <source>/Users/thomas/dev/finanzuebersicht/</source>
  </sources>
  <packages>
    <package name="Finanzuebersicht.Core" line-rate="0.7492" branch-rate="0.5054" complexity="728">
      <classes>
        <class name="Finanzuebersicht.Services.AppPaths" filename="Finanzuebersicht.Core/Services/AppPaths.cs" line-rate="1" branch-rate="0.75" complexity="4">
          <methods>
            <method name="GetDefaultDataDir" signature="()" line-rate="1" branch-rate="0.5" complexity="2">
              <lines>
                <line number="9" hits="22" branch="False" />
                <line number="10" hits="22" branch="True" condition-coverage="50% (1/2)">
                  <conditions>
                    <condition number="20" type="jump" coverage="50%" />
                  </conditions>
                </line>
                <line number="11" hits="22" branch="False" />
                <line number="12" hits="22" branch="False" />
                <line number="13" hits="22" branch="False" />
                <line number="14" hits="22" branch="False" />
              </lines>
            </method>
            <method name="GetDefaultDataDir" signature="(System.String,System.String,System.Boolean)" line-rate="1" branch-rate="1" complexity="2">
              <lines>
                <line number="17" hits="24" branch="False" />
                <line number="20" hits="24" branch="True" condition-coverage="100% (2/2)">
                  <conditions>
                    <condition number="4" type="jump" coverage="100%" />
                  </conditions>
                </line>
                <line number="21" hits="23" branch="False" />
                <line number="22" hits="23" branch="False" />
                <line number="23" hits="23" branch="False" />
                <line number="24" hits="23" branch="False" />
                <line number="27" hits="1" branch="False" />
                <line number="28" hits="24" branch="False" />
              </lines>
            </method>
          </methods>
          <lines>
            <line number="9" hits="22" branch="False" />
            <line number="10" hits="22" branch="True" condition-coverage="50% (1/2)">
              <conditions>
                <condition number="20" type="jump" coverage="50%" />
              </conditions>
            </line>
            <line number="11" hits="22" branch="False" />
            <line number="12" hits="22" branch="False" />
            <line number="13" hits="22" branch="False" />
            <line number="14" hits="22" branch="False" />
            <line number="17" hits="24" branch="False" />
            <line number="20" hits="24" branch="True" condition-coverage="100% (2/2)">
              <conditions>
                <condition number="4" type="jump" coverage="100%" />
              </conditions>
            </line>
            <line number="21" hits="23" branch="False" />
            <line number="22" hits="23" branch="False" />
            <line number="23" hits="23" branch="False" />
            <line number="24" hits="23" branch="False" />
            <line number="27" hits="1" branch="False" />
            <line number="28" hits="24" branch="False" />
          </lines>
        </class>
        <class name="Finanzuebersicht.Services.BackupArchiveData" filename="Finanzuebersicht.Core/Services/BackupArchiveData.cs" line-rate="1" branch-rate="1" complexity="2">
          <methods>
            <method name="get_Files" signature="()" line-rate="1" branch-rate="1" complexity="1">
              <lines>
                <line number="12" hits="42" branch="False" />
              </lines>
            </method>
            <method name="get_Metadata" signature="()" line-rate="1" branch-rate="1" complexity="1">
              <lines>
                <line number="17" hits="19" branch="False" />
              </lines>
            </method>
          </methods>
          <lines>
            <line number="12" hits="42" branch="False" />
            <line number="17" hits="19" branch="False" />
          </lines>
        </class>
        <class name="Finanzuebersicht.Services.BackupMetadata" filename="Finanzuebersicht.Core/Services/BackupMetadata.cs" line-rate="1" branch-rate="1" complexity="6">
          <methods>
            <method name="get_Id" signature="()" line-rate="1" branch-rate="1" complexity="1">
              <lines>
                <line number="14" hits="85" branch="False" />
              </lines>
            </method>
            <method name="get_CreatedAt" signature="()" line-rate="1" branch-rate="1" complexity="1">
              <lines>
                <line number="19" hits="51" branch="False" />
              </lines>
            </method>
            <method name="get_SchemaVersion" signature="()" line-rate="1" branch-rate="1" complexity="1">
              <lines>
                <line number="25" hits="95" branch="False" />
              </lines>
            </method>
            <method name="get_EntityCounts" signature="()" line-rate="1" branch-rate="1" complexity="1">
              <lines>
                <line number="31" hits="96" branch="False" />
              </lines>
            </method>
            <method name="get_Description" signature="()" line-rate="1" branch-rate="1" complexity="1">
              <lines>
                <line number="36" hits="24" branch="False" />
              </lines>
            </method>
            <method name="get_FileName" signature="()" line-rate="1" branch-rate="1" complexity="1">
              <lines>
                <line number="41" hits="85" branch="False" />
              </lines>
            </method>
          </methods>
          <lines>
            <line number="14" hits="85" branch="False" />
            <line number="19" hits="51" branch="False" />
            <line number="25" hits="95" branch="False" />
            <line number="31" hits="96" branch="False" />
            <line number="36" hits="24" branch="False" />
            <line number="41" hits="85" branch="False" />
          </lines>
        </class>
        <class name="Finanzuebersicht.Services.RestoreResult" filename="Finanzuebersicht.Core/Services/BackupMetadata.cs" line-rate="1" branch-rate="1" complexity="4">
          <methods>
            <method name="get_Success" signature="()" line-rate="1" branch-rate="1" complexity="1">
              <lines>
                <line number="52" hits="17" branch="False" />
              </lines>
            </method>
            <method name="get_ErrorMessage" signature="()" line-rate="1" branch-rate="1" complexity="1">
              <lines>
                <line number="57" hits="11" branch="False" />
              </lines>
            </method>
            <method name="get_Details" signature="()" line-rate="1" branch-rate="1" complexity="1">
              <lines>
                <line number="62" hits="1" branch="False" />
              </lines>
            </method>
            <method name="get_RestoredMetadata" signature="()" line-rate="1" branch-rate="1" complexity="1">
              <lines>
                <line number="67" hits="3" branch="False" />
              </lines>
            </method>
          </methods>
          <lines>
            <line number="52" hits="17" branch="False" />
            <line number="57" hits="11" branch="False" />
            <line number="62" hits="1" branch="False" />
            <line number="67" hits="3" branch="False" />
          </lines>
        </class>
        <class name="Finanzuebersicht.Services.BackupService" filename="Finanzuebersicht.Core/Services/BackupService.cs" line-rate="0.8674" branch-rate="0.5769" complexity="29">
          <methods>
            <method name="GetDefaultBackupPath" signature="()" line-rate="0" branch-rate="0" complexity="4">
              <lines>
                <line number="360" hits="0" branch="False" />
                <line number="361" hits="0" branch="False" />
                <line number="362" hits="0" branch="True" condition-coverage="0% (0/2)">
                  <conditions>
                    <condition number="34" type="jump" coverage="0%" />
                  </conditions>
                </line>
                <line number="363" hits="0" branch="False" />
                <line number="365" hits="0" branch="False" />
                <line number="366" hits="0" branch="True" condition-coverage="0% (0/2)">
                  <conditions>
                    <condition number="72" type="jump" coverage="0%" />
                  </conditions>
                </line>
                <line number="367" hits="0" branch="False" />
                <line number="369" hits="0" branch="False" />
                <line number="370" hits="0" branch="False" />
              </lines>
            </method>
            <method name="WriteJsonToZip" signature="(System.IO.Compression.ZipArchive,System.String,T)" line-rate="1" branch-rate="1" complexity="1">
              <lines>
                <line number="373" hits="90" branch="False" />
                <line number="374" hits="90" branch="False" />
                <line number="375" hits="90" branch="False" />
                <line number="376" hits="90" branch="False" />
                <line number="377" hits="90" branch="False" />
                <line number="378" hits="90" branch="False" />
                <line number="379" hits="180" branch="False" />
              </lines>
            </method>
            <method name="DeserializeFile" signature="(Finanzuebersicht.Services.BackupArchiveData,System.String)" line-rate="0.8" branch-rate="0.5" complexity="2">
              <lines>
                <line number="382" hits="5" branch="False" />
                <line number="383" hits="5" branch="True" condition-coverage="50% (1/2)">
                  <conditions>
                    <condition number="20" type="jump" coverage="50%" />
                  </conditions>
                </line>
                <line number="384" hits="0" branch="False" />
                <line number="385" hits="5" branch="False" />
                <line number="386" hits="5" branch="False" />
              </lines>
            </method>
            <method name="ReadJsonFromZip" signature="(System.IO.Compression.ZipArchive,System.String)" line-rate="0.8887999999999999" branch-rate="0.5" complexity="2">
              <lines>
                <line number="389" hits="8" branch="False" />
                <line number="390" hits="8" branch="False" />
                <line number="391" hits="8" branch="True" condition-coverage="50% (1/2)">
                  <conditions>
                    <condition number="17" type="jump" coverage="50%" />
                  </conditions>
                </line>
                <line number="392" hits="0" branch="False" />
                <line number="394" hits="8" branch="False" />
                <line number="395" hits="8" branch="False" />
                <line number="396" hits="8" branch="False" />
                <line number="397" hits="8" branch="False" />
                <line number="398" hits="8" branch="False" />
              </lines>
            </method>
            <method name="ExtractMetadataFromZip" signature="(System.String)" line-rate="1" branch-rate="1" complexity="1">
              <lines>
                <line number="401" hits="5" branch="False" />
                <line number="402" hits="5" branch="False" />
                <line number="403" hits="5" branch="False" />
                <line number="404" hits="5" branch="False" />
              </lines>
            </method>
            <method name="ValidateBackup" signature="(System.String)" line-rate="1" branch-rate="0.75" complexity="8">
              <lines>
                <line number="407" hits="4" branch="False" />
                <line number="409" hits="4" branch="False" />
                <line number="410" hits="4" branch="False" />
                <line number="411" hits="3" branch="False" />
                <line number="412" hits="3" branch="False" />
                <line number="413" hits="15" branch="False" />
                <line number="415" hits="3" branch="True" condition-coverage="100% (2/2)">
                  <conditions>
                    <condition number="97" type="jump" coverage="100%" />
                  </conditions>
                </line>
                <line number="416" hits="1" branch="False" />
                <line number="417" hits="1" branch="False" />
                <line number="418" hits="1" branch="False" />
                <line number="419" hits="1" branch="False" />
                <line number="420" hits="1" branch="False" />
                <line number="421" hits="1" branch="False" />
                <line number="425" hits="2" branch="False" />
                <line number="426" hits="2" branch="True" condition-coverage="75% (3/4)">
                  <conditions>
                    <condition number="166" type="jump" coverage="50%" />
                    <condition number="184" type="jump" coverage="100%" />
                  </conditions>
                </line>
                <line number="427" hits="1" branch="False" />
                <line number="428" hits="1" branch="True" condition-coverage="50% (1/2)">
                  <conditions>
                    <condition number="227" type="jump" coverage="50%" />
                  </conditions>
                </line>
                <line number="429" hits="1" branch="False" />
                <line number="430" hits="1" branch="False" />
                <line number="431" hits="1" branch="False" />
                <line number="432" hits="1" branch="False" />
                <line number="434" hits="1" branch="False" />
                <line number="436" hits="1" branch="False" />
                <line number="438" hits="1" branch="False" />
                <line number="439" hits="1" branch="False" />
                <line number="440" hits="1" branch="False" />
                <line number="441" hits="1" branch="False" />
                <line number="442" hits="1" branch="False" />
                <line number="443" hits="1" branch="False" />
                <line number="444" hits="1" branch="False" />
                <line number="446" hits="4" branch="False" />
              </lines>
            </method>
            <method name="EscapeCSV" signature="(System.String)" line-rate="1" branch-rate="1" complexity="2">
              <lines>
                <line number="449" hits="6" branch="False" />
                <line number="450" hits="6" branch="True" condition-coverage="100% (2/2)">
                  <conditions>
                    <condition number="9" type="jump" coverage="100%" />
                  </conditions>
                </line>
                <line number="451" hits="1" branch="False" />
                <line number="453" hits="5" branch="False" />
                <line number="454" hits="6" branch="False" />
              </lines>
            </method>
            <method name=".ctor" signature="(Finanzuebersicht.Services.IDataService,Finanzuebersicht.Services.SettingsService,Finanzuebersicht.Services.DataMigrationService,Microsoft.Extensions.Logging.ILogger`1&lt;Finanzuebersicht.Services.BackupService&gt;,Finanzuebersicht.Services.IClock)" line-rate="1" branch-rate="0.625" complexity="8">
              <lines>
                <line number="34" hits="20" branch="False" />
                <line number="35" hits="20" branch="False" />
                <line number="36" hits="20" branch="True" condition-coverage="50% (1/2)">
                  <conditions>
                    <condition number="11" type="jump" coverage="50%" />
                  </conditions>
                </line>
                <line number="37" hits="20" branch="True" condition-coverage="50% (1/2)">
                  <conditions>
                    <condition number="33" type="jump" coverage="50%" />
                  </conditions>
                </line>
                <line number="38" hits="20" branch="True" condition-coverage="50% (1/2)">
                  <conditions>
                    <condition number="55" type="jump" coverage="50%" />
                  </conditions>
                </line>
                <line number="39" hits="20" branch="False" />
                <line number="40" hits="20" branch="True" condition-coverage="100% (2/2)">
                  <conditions>
                    <condition number="86" type="jump" coverage="100%" />
                  </conditions>
                </line>
                <line number="41" hits="20" branch="False" />
              </lines>
            </method>
            <method name=".cctor" signature="()" line-rate="1" branch-rate="1" complexity="1">
              <lines>
                <line number="25" hits="1" branch="False" />
                <line number="26" hits="1" branch="False" />
                <line number="27" hits="1" branch="False" />
                <line number="28" hits="1" branch="False" />
                <line number="29" hits="1" branch="False" />
              </lines>
            </method>
          </methods>
          <lines>
            <line number="360" hits="0" branch="False" />
            <line number="361" hits="0" branch="False" />
            <line number="362" hits="0" branch="True" condition-coverage="0% (0/2)">
              <conditions>
                <condition number="34" type="jump" coverage="0%" />
              </conditions>
            </line>
            <line number="363" hits="0" branch="False" />
            <line number="365" hits="0" branch="False" />
            <line number="366" hits="0" branch="True" condition-coverage="0% (0/2)">
              <conditions>
                <condition number="72" type="jump" coverage="0%" />
              </conditions>
            </line>
            <line number="367" hits="0" branch="False" />
            <line number="369" hits="0" branch="False" />
            <line number="370" hits="0" branch="False" />
            <line number="373" hits="90" branch="False" />
            <line number="374" hits="90" branch="False" />
            <line number="375" hits="90" branch="False" />
            <line number="376" hits="90" branch="False" />
            <line number="377" hits="90" branch="False" />
            <line number="378" hits="90" branch="False" />
            <line number="379" hits="180" branch="False" />
            <line number="382" hits="5" branch="False" />
            <line number="383" hits="5" branch="True" condition-coverage="50% (1/2)">
              <conditions>
                <condition number="20" type="jump" coverage="50%" />
              </conditions>
            </line>
            <line number="384" hits="0" branch="False" />
            <line number="385" hits="5" branch="False" />
            <line number="386" hits="5" branch="False" />
            <line number="389" hits="8" branch="False" />
            <line number="390" hits="8" branch="False" />
            <line number="391" hits="8" branch="True" condition-coverage="50% (1/2)">
              <conditions>
                <condition number="17" type="jump" coverage="50%" />
              </conditions>
            </line>
            <line number="392" hits="0" branch="False" />
            <line number="394" hits="8" branch="False" />
            <line number="395" hits="8" branch="False" />
            <line number="396" hits="8" branch="False" />
            <line number="397" hits="8" branch="False" />
            <line number="398" hits="8" branch="False" />
            <line number="401" hits="5" branch="False" />
            <line number="402" hits="5" branch="False" />
            <line number="403" hits="5" branch="False" />
            <line number="404" hits="5" branch="False" />
            <line number="407" hits="4" branch="False" />
            <line number="409" hits="4" branch="False" />
            <line number="410" hits="4" branch="False" />
            <line number="411" hits="3" branch="False" />
            <line number="412" hits="3" branch="False" />
            <line number="413" hits="15" branch="False" />
            <line number="415" hits="3" branch="True" condition-coverage="100% (2/2)">
              <conditions>
                <condition number="97" type="jump" coverage="100%" />
              </conditions>
            </line>
            <line number="416" hits="1" branch="False" />
            <line number="417" hits="1" branch="False" />
            <line number="418" hits="1" branch="False" />
            <line number="419" hits="1" branch="False" />
            <line number="420" hits="1" branch="False" />
            <line number="421" hits="1" branch="False" />
            <line number="425" hits="2" branch="False" />
            <line number="426" hits="2" branch="True" condition-coverage="75% (3/4)">
              <conditions>
                <condition number="166" type="jump" coverage="50%" />
                <condition number="184" type="jump" coverage="100%" />
              </conditions>
            </line>
            <line number="427" hits="1" branch="False" />
            <line number="428" hits="1" branch="True" condition-coverage="50% (1/2)">
              <conditions>
                <condition number="227" type="jump" coverage="50%" />
              </conditions>
            </line>
            <line number="429" hits="1" branch="False" />
            <line number="430" hits="1" branch="False" />
            <line number="431" hits="1" branch="False" />
            <line number="432" hits="1" branch="False" />
            <line number="434" hits="1" branch="False" />
            <line number="436" hits="1" branch="False" />
            <line number="438" hits="1" branch="False" />
            <line number="439" hits="1" branch="False" />
            <line number="440" hits="1" branch="False" />
            <line number="441" hits="1" branch="False" />
            <line number="442" hits="1" branch="False" />
            <line number="443" hits="1" branch="False" />
            <line number="444" hits="1" branch="False" />
            <line number="446" hits="4" branch="False" />
            <line number="449" hits="6" branch="False" />
            <line number="450" hits="6" branch="True" condition-coverage="100% (2/2)">
              <conditions>
                <condition number="9" type="jump" coverage="100%" />
              </conditions>
            </line>
            <line number="451" hits="1" branch="False" />
            <line number="453" hits="5" branch="False" />
            <line number="454" hits="6" branch="False" />
            <line number="34" hits="20" branch="False" />
            <line number="35" hits="20" branch="False" />
            <line number="36" hits="20" branch="True" condition-coverage="50% (1/2)">
              <conditions>
                <condition number="11" type="jump" coverage="50%" />
              </conditions>
            </line>
            <line number="37" hits="20" branch="True" condition-coverage="50% (1/2)">
              <conditions>
                <condition number="33" type="jump" coverage="50%" />
              </conditions>
            </line>
            <line number="38" hits="20" branch="True" condition-coverage="50% (1/2)">
              <conditions>
                <condition number="55" type="jump" coverage="50%" />
              </conditions>
            </line>
            <line number="39" hits="20" branch="False" />
            <line number="40" hits="20" branch="True" condition-coverage="100% (2/2)">
              <conditions>
                <condition number="86" type="jump" coverage="100%" />
              </conditions>
            </line>
            <line number="41" hits="20" branch="False" />
            <line number="25" hits="1" branch="False" />
            <line number="26" hits="1" branch="False" />
            <line number="27" hits="1" branch="False" />
            <line number="28" hits="1" branch="False" />
            <line number="29" hits="1" branch="False" />
          </lines>
        </class>
        <class name="Finanzuebersicht.Services.BackupService/&lt;&gt;c" filename="Finanzuebersicht.Core/Services/BackupService.cs" line-rate="1" branch-rate="1" complexity="3">
          <methods>
            <method name="&lt;ListBackupsAsync&gt;b__10_0" signature="(Finanzuebersicht.Services.BackupMetadata)" line-rate="1" branch-rate="1" complexity="1">
              <lines>
                <line number="136" hits="7" branch="False" />
              </lines>
            </method>
            <method name="&lt;ExportAsCSVAsync&gt;b__15_0" signature="(Finanzuebersicht.Models.Category)" line-rate="1" branch-rate="1" complexity="1">
              <lines>
                <line number="327" hits="9" branch="False" />
              </lines>
            </method>
            <method name="&lt;ExportAsCSVAsync&gt;b__15_2" signature="(Finanzuebersicht.Models.Transaction)" line-rate="1" branch-rate="1" complexity="1">
              <lines>
                <line number="335" hits="18" branch="False" />
              </lines>
            </method>
          </methods>
          <lines>
            <line number="136" hits="7" branch="False" />
            <line number="327" hits="9" branch="False" />
            <line number="335" hits="18" branch="False" />
          </lines>
        </class>
        <class name="Finanzuebersicht.Services.BackupService/&lt;AtomicRestoreAsync&gt;d__12" filename="Finanzuebersicht.Core/Services/BackupService.cs" line-rate="0.7619" branch-rate="0.25" complexity="4">
          <methods>
            <method name="MoveNext" signature="()" line-rate="0.7619" branch-rate="0.25" complexity="4">
              <lines>
                <line number="243" hits="1" branch="False" />
                <line number="245" hits="1" branch="False" />
                <line number="246" hits="1" branch="False" />
                <line number="247" hits="1" branch="False" />
                <line number="248" hits="1" branch="False" />
                <line number="249" hits="1" branch="False" />
                <line number="252" hits="1" branch="False" />
                <line number="253" hits="1" branch="True" condition-coverage="50% (1/2)">
                  <conditions>
                    <condition number="840" type="jump" coverage="50%" />
                  </conditions>
                </line>
                <line number="254" hits="1" branch="False" />
                <line number="256" hits="1" branch="False" />
                <line number="257" hits="1" branch="False" />
                <line number="258" hits="1" branch="False" />
                <line number="259" hits="1" branch="False" />
                <line number="260" hits="1" branch="False" />
                <line number="262" hits="1" branch="False" />
                <line number="264" hits="0" branch="False" />
                <line number="265" hits="0" branch="False" />
                <line number="266" hits="0" branch="True" condition-coverage="0% (0/2)">
                  <conditions>
                    <condition number="1607" type="jump" coverage="0%" />
                  </conditions>
                </line>
                <line number="267" hits="0" branch="False" />
                <line number="268" hits="0" branch="False" />
                <line number="270" hits="1" branch="False" />
              </lines>
            </method>
          </methods>
          <lines>
            <line number="243" hits="1" branch="False" />
            <line number="245" hits="1" branch="False" />
            <line number="246" hits="1" branch="False" />
            <line number="247" hits="1" branch="False" />
            <line number="248" hits="1" branch="False" />
            <line number="249" hits="1" branch="False" />
            <line number="252" hits="1" branch="False" />
            <line number="253" hits="1" branch="True" condition-coverage="50% (1/2)">
              <conditions>
                <condition number="840" type="jump" coverage="50%" />
              </conditions>
            </line>
            <line number="254" hits="1" branch="False" />
            <line number="256" hits="1" branch="False" />
            <line number="257" hits="1" branch="False" />
            <line number="258" hits="1" branch="False" />
            <line number="259" hits="1" branch="False" />
            <line number="260" hits="1" branch="False" />
            <line number="262" hits="1" branch="False" />
            <line number="264" hits="0" branch="False" />
            <line number="265" hits="0" branch="False" />
            <line number="266" hits="0" branch="True" condition-coverage="0% (0/2)">
              <conditions>
                <condition number="1607" type="jump" coverage="0%" />
              </conditions>
            </line>
            <line number="267" hits="0" branch="False" />
            <line number="268" hits="0" branch="False" />
            <line number="270" hits="1" branch="False" />
          </lines>
        </class>
        <class name="Finanzuebersicht.Services.BackupService/&lt;CreateBackupAsync&gt;d__9" filename="Finanzuebersicht.Core/Services/BackupService.cs" line-rate="0.9111" branch-rate="0.3333" complexity="6">
          <methods>
            <method name="MoveNext" signature="()" line-rate="0.9111" branch-rate="0.3333" complexity="6">
              <lines>
                <line number="47" hits="15" branch="False" />
                <line number="49" hits="15" branch="False" />
                <line number="50" hits="15" branch="True" condition-coverage="50% (1/2)">
                  <conditions>
                    <condition number="79" type="jump" coverage="50%" />
                  </conditions>
                </line>
                <line number="51" hits="15" branch="False" />
                <line number="54" hits="15" branch="False" />
                <line number="55" hits="15" branch="False" />
                <line number="56" hits="15" branch="False" />
                <line number="59" hits="15" branch="False" />
                <line number="60" hits="15" branch="False" />
                <line number="61" hits="15" branch="False" />
                <line number="62" hits="15" branch="False" />
                <line number="63" hits="15" branch="False" />
                <line number="66" hits="15" branch="False" />
                <line number="67" hits="15" branch="False" />
                <line number="68" hits="15" branch="False" />
                <line number="69" hits="15" branch="False" />
                <line number="70" hits="15" branch="False" />
                <line number="71" hits="15" branch="False" />
                <line number="72" hits="15" branch="False" />
                <line number="73" hits="15" branch="False" />
                <line number="74" hits="15" branch="False" />
                <line number="75" hits="15" branch="False" />
                <line number="76" hits="15" branch="False" />
                <line number="77" hits="15" branch="False" />
                <line number="78" hits="15" branch="False" />
                <line number="79" hits="15" branch="False" />
                <line number="80" hits="15" branch="False" />
                <line number="83" hits="15" branch="False" />
                <line number="84" hits="15" branch="False" />
                <line number="86" hits="15" branch="False" />
                <line number="87" hits="15" branch="False" />
                <line number="88" hits="15" branch="False" />
                <line number="89" hits="15" branch="False" />
                <line number="90" hits="15" branch="False" />
                <line number="91" hits="15" branch="False" />
                <line number="92" hits="15" branch="False" />
                <line number="94" hits="15" branch="True" condition-coverage="50% (1/2)">
                  <conditions>
                    <condition number="1271" type="jump" coverage="50%" />
                  </conditions>
                </line>
                <line number="95" hits="15" branch="False" />
                <line number="98" hits="15" branch="False" />
                <line number="100" hits="15" branch="False" />
                <line number="102" hits="0" branch="False" />
                <line number="103" hits="0" branch="False" />
                <line number="104" hits="0" branch="True" condition-coverage="0% (0/2)">
                  <conditions>
                    <condition number="1533" type="jump" coverage="0%" />
                  </conditions>
                </line>
                <line number="105" hits="0" branch="False" />
                <line number="107" hits="15" branch="False" />
              </lines>
            </method>
          </methods>
          <lines>
            <line number="47" hits="15" branch="False" />
            <line number="49" hits="15" branch="False" />
            <line number="50" hits="15" branch="True" condition-coverage="50% (1/2)">
              <conditions>
                <condition number="79" type="jump" coverage="50%" />
              </conditions>
            </line>
            <line number="51" hits="15" branch="False" />
            <line number="54" hits="15" branch="False" />
            <line number="55" hits="15" branch="False" />
            <line number="56" hits="15" branch="False" />
            <line number="59" hits="15" branch="False" />
            <line number="60" hits="15" branch="False" />
            <line number="61" hits="15" branch="False" />
            <line number="62" hits="15" branch="False" />
            <line number="63" hits="15" branch="False" />
            <line number="66" hits="15" branch="False" />
            <line number="67" hits="15" branch="False" />
            <line number="68" hits="15" branch="False" />
            <line number="69" hits="15" branch="False" />
            <line number="70" hits="15" branch="False" />
            <line number="71" hits="15" branch="False" />
            <line number="72" hits="15" branch="False" />
            <line number="73" hits="15" branch="False" />
            <line number="74" hits="15" branch="False" />
            <line number="75" hits="15" branch="False" />
            <line number="76" hits="15" branch="False" />
            <line number="77" hits="15" branch="False" />
            <line number="78" hits="15" branch="False" />
            <line number="79" hits="15" branch="False" />
            <line number="80" hits="15" branch="False" />
            <line number="83" hits="15" branch="False" />
            <line number="84" hits="15" branch="False" />
            <line number="86" hits="15" branch="False" />
            <line number="87" hits="15" branch="False" />
            <line number="88" hits="15" branch="False" />
            <line number="89" hits="15" branch="False" />
            <line number="90" hits="15" branch="False" />
            <line number="91" hits="15" branch="False" />
            <line number="92" hits="15" branch="False" />
            <line number="94" hits="15" branch="True" condition-coverage="50% (1/2)">
              <conditions>
                <condition number="1271" type="jump" coverage="50%" />
              </conditions>
            </line>
            <line number="95" hits="15" branch="False" />
            <line number="98" hits="15" branch="False" />
            <line number="100" hits="15" branch="False" />
            <line number="102" hits="0" branch="False" />
            <line number="103" hits="0" branch="False" />
            <line number="104" hits="0" branch="True" condition-coverage="0% (0/2)">
              <conditions>
                <condition number="1533" type="jump" coverage="0%" />
              </conditions>
            </line>
            <line number="105" hits="0" branch="False" />
            <line number="107" hits="15" branch="False" />
          </lines>
        </class>
        <class name="Finanzuebersicht.Services.BackupService/&lt;DeleteBackupAsync&gt;d__14" filename="Finanzuebersicht.Core/Services/BackupService.cs" line-rate="0.7333" branch-rate="0.5" complexity="6">
          <methods>
            <method name="MoveNext" signature="()" line-rate="0.7333" branch-rate="0.5" complexity="6">
              <lines>
                <line number="299" hits="2" branch="False" />
                <line number="301" hits="2" branch="False" />
                <line number="302" hits="2" branch="False" />
                <line number="303" hits="2" branch="False" />
                <line number="305" hits="2" branch="True" condition-coverage="100% (2/2)">
                  <conditions>
                    <condition number="72" type="jump" coverage="100%" />
                  </conditions>
                </line>
                <line number="306" hits="2" branch="False" />
                <line number="307" hits="2" branch="False" />
                <line number="308" hits="2" branch="True" condition-coverage="50% (1/2)">
                  <conditions>
                    <condition number="99" type="jump" coverage="50%" />
                  </conditions>
                </line>
                <line number="309" hits="2" branch="False" />
                <line number="310" hits="2" branch="False" />
                <line number="311" hits="0" branch="False" />
                <line number="312" hits="0" branch="False" />
                <line number="313" hits="0" branch="True" condition-coverage="0% (0/2)">
                  <conditions>
                    <condition number="169" type="jump" coverage="0%" />
                  </conditions>
                </line>
                <line number="314" hits="0" branch="False" />
                <line number="316" hits="2" branch="False" />
              </lines>
            </method>
          </methods>
          <lines>
            <line number="299" hits="2" branch="False" />
            <line number="301" hits="2" branch="False" />
            <line number="302" hits="2" branch="False" />
            <line number="303" hits="2" branch="False" />
            <line number="305" hits="2" branch="True" condition-coverage="100% (2/2)">
              <conditions>
                <condition number="72" type="jump" coverage="100%" />
              </conditions>
            </line>
            <line number="306" hits="2" branch="False" />
            <line number="307" hits="2" branch="False" />
            <line number="308" hits="2" branch="True" condition-coverage="50% (1/2)">
              <conditions>
                <condition number="99" type="jump" coverage="50%" />
              </conditions>
            </line>
            <line number="309" hits="2" branch="False" />
            <line number="310" hits="2" branch="False" />
            <line number="311" hits="0" branch="False" />
            <line number="312" hits="0" branch="False" />
            <line number="313" hits="0" branch="True" condition-coverage="0% (0/2)">
              <conditions>
                <condition number="169" type="jump" coverage="0%" />
              </conditions>
            </line>
            <line number="314" hits="0" branch="False" />
            <line number="316" hits="2" branch="False" />
          </lines>
        </class>
        <class name="Finanzuebersicht.Services.BackupService/&lt;ExportAsCSVAsync&gt;d__15" filename="Finanzuebersicht.Core/Services/BackupService.cs" line-rate="0.8332999999999999" branch-rate="0.5" complexity="6">
          <methods>
            <method name="MoveNext" signature="()" line-rate="0.8332999999999999" branch-rate="0.5" complexity="6">
              <lines>
                <line number="322" hits="3" branch="False" />
                <line number="324" hits="3" branch="False" />
                <line number="325" hits="3" branch="False" />
                <line number="326" hits="3" branch="False" />
                <line number="329" hits="3" branch="False" />
                <line number="330" hits="3" branch="False" />
                <line number="331" hits="3" branch="False" />
                <line number="333" hits="3" branch="False" />
                <line number="336" hits="3" branch="False" />
                <line number="337" hits="3" branch="True" condition-coverage="50% (1/2)">
                  <conditions>
                    <condition number="685" type="jump" coverage="50%" />
                  </conditions>
                </line>
                <line number="338" hits="3" branch="False" />
                <line number="339" hits="3" branch="False" />
                <line number="340" hits="3" branch="False" />
                <line number="342" hits="3" branch="False" />
                <line number="343" hits="3" branch="False" />
                <line number="344" hits="3" branch="False" />
                <line number="345" hits="3" branch="False" />
                <line number="347" hits="3" branch="False" />
                <line number="348" hits="3" branch="False" />
                <line number="350" hits="0" branch="False" />
                <line number="351" hits="0" branch="False" />
                <line number="352" hits="0" branch="True" condition-coverage="0% (0/2)">
                  <conditions>
                    <condition number="1268" type="jump" coverage="0%" />
                  </conditions>
                </line>
                <line number="353" hits="0" branch="False" />
                <line number="355" hits="3" branch="False" />
              </lines>
            </method>
          </methods>
          <lines>
            <line number="322" hits="3" branch="False" />
            <line number="324" hits="3" branch="False" />
            <line number="325" hits="3" branch="False" />
            <line number="326" hits="3" branch="False" />
            <line number="329" hits="3" branch="False" />
            <line number="330" hits="3" branch="False" />
            <line number="331" hits="3" branch="False" />
            <line number="333" hits="3" branch="False" />
            <line number="336" hits="3" branch="False" />
            <line number="337" hits="3" branch="True" condition-coverage="50% (1/2)">
              <conditions>
                <condition number="685" type="jump" coverage="50%" />
              </conditions>
            </line>
            <line number="338" hits="3" branch="False" />
            <line number="339" hits="3" branch="False" />
            <line number="340" hits="3" branch="False" />
            <line number="342" hits="3" branch="False" />
            <line number="343" hits="3" branch="False" />
            <line number="344" hits="3" branch="False" />
            <line number="345" hits="3" branch="False" />
            <line number="347" hits="3" branch="False" />
            <line number="348" hits="3" branch="False" />
            <line number="350" hits="0" branch="False" />
            <line number="351" hits="0" branch="False" />
            <line number="352" hits="0" branch="True" condition-coverage="0% (0/2)">
              <conditions>
                <condition number="1268" type="jump" coverage="0%" />
              </conditions>
            </line>
            <line number="353" hits="0" branch="False" />
            <line number="355" hits="3" branch="False" />
          </lines>
        </class>
        <class name="Finanzuebersicht.Services.BackupService/&lt;ListBackupsAsync&gt;d__10" filename="Finanzuebersicht.Core/Services/BackupService.cs" line-rate="0.6363" branch-rate="0.6" complexity="10">
          <methods>
            <method name="MoveNext" signature="()" line-rate="0.6363" branch-rate="0.6" complexity="10">
              <lines>
                <line number="113" hits="3" branch="False" />
                <line number="115" hits="3" branch="False" />
                <line number="116" hits="3" branch="True" condition-coverage="100% (2/2)">
                  <conditions>
                    <condition number="25" type="jump" coverage="100%" />
                  </conditions>
                </line>
                <line number="117" hits="1" branch="False" />
                <line number="119" hits="2" branch="False" />
                <line number="121" hits="16" branch="True" condition-coverage="100% (2/2)">
                  <conditions>
                    <condition number="252" type="jump" coverage="100%" />
                  </conditions>
                </line>
                <line number="122" hits="5" branch="False" />
                <line number="124" hits="5" branch="False" />
                <line number="125" hits="5" branch="False" />
                <line number="126" hits="5" branch="True" condition-coverage="100% (2/2)">
                  <conditions>
                    <condition number="135" type="jump" coverage="100%" />
                  </conditions>
                </line>
                <line number="127" hits="5" branch="False" />
                <line number="128" hits="5" branch="False" />
                <line number="129" hits="0" branch="False" />
                <line number="130" hits="0" branch="False" />
                <line number="131" hits="0" branch="True" condition-coverage="0% (0/2)">
                  <conditions>
                    <condition number="188" type="jump" coverage="0%" />
                  </conditions>
                </line>
                <line number="132" hits="0" branch="False" />
                <line number="133" hits="5" branch="False" />
                <line number="138" hits="0" branch="False" />
                <line number="139" hits="0" branch="False" />
                <line number="140" hits="0" branch="True" condition-coverage="0% (0/2)">
                  <conditions>
                    <condition number="359" type="jump" coverage="0%" />
                  </conditions>
                </line>
                <line number="141" hits="0" branch="False" />
                <line number="143" hits="3" branch="False" />
              </lines>
            </method>
          </methods>
          <lines>
            <line number="113" hits="3" branch="False" />
            <line number="115" hits="3" branch="False" />
            <line number="116" hits="3" branch="True" condition-coverage="100% (2/2)">
              <conditions>
                <condition number="25" type="jump" coverage="100%" />
              </conditions>
            </line>
            <line number="117" hits="1" branch="False" />
            <line number="119" hits="2" branch="False" />
            <line number="121" hits="16" branch="True" condition-coverage="100% (2/2)">
              <conditions>
                <condition number="252" type="jump" coverage="100%" />
              </conditions>
            </line>
            <line number="122" hits="5" branch="False" />
            <line number="124" hits="5" branch="False" />
            <line number="125" hits="5" branch="False" />
            <line number="126" hits="5" branch="True" condition-coverage="100% (2/2)">
              <conditions>
                <condition number="135" type="jump" coverage="100%" />
              </conditions>
            </line>
            <line number="127" hits="5" branch="False" />
            <line number="128" hits="5" branch="False" />
            <line number="129" hits="0" branch="False" />
            <line number="130" hits="0" branch="False" />
            <line number="131" hits="0" branch="True" condition-coverage="0% (0/2)">
              <conditions>
                <condition number="188" type="jump" coverage="0%" />
              </conditions>
            </line>
            <line number="132" hits="0" branch="False" />
            <line number="133" hits="5" branch="False" />
            <line number="138" hits="0" branch="False" />
            <line number="139" hits="0" branch="False" />
            <line number="140" hits="0" branch="True" condition-coverage="0% (0/2)">
              <conditions>
                <condition number="359" type="jump" coverage="0%" />
              </conditions>
            </line>
            <line number="141" hits="0" branch="False" />
            <line number="143" hits="3" branch="False" />
          </lines>
        </class>
        <class name="Finanzuebersicht.Services.BackupService/&lt;RestoreBackupAsync&gt;d__11" filename="Finanzuebersicht.Core/Services/BackupService.cs" line-rate="0.7419" branch-rate="0.5357" complexity="28">
          <methods>
            <method name="MoveNext" signature="()" line-rate="0.7419" branch-rate="0.5357" complexity="28">
              <lines>
                <line number="149" hits="6" branch="False" />
                <line number="151" hits="6" branch="False" />
                <line number="152" hits="6" branch="False" />
                <line number="153" hits="6" branch="False" />
                <line number="155" hits="6" branch="True" condition-coverage="100% (2/2)">
                  <conditions>
                    <condition number="119" type="jump" coverage="100%" />
                  </conditions>
                </line>
                <line number="156" hits="2" branch="False" />
                <line number="157" hits="2" branch="False" />
                <line number="158" hits="2" branch="False" />
                <line number="159" hits="2" branch="False" />
                <line number="160" hits="2" branch="False" />
                <line number="161" hits="2" branch="False" />
                <line number="165" hits="4" branch="False" />
                <line number="166" hits="4" branch="True" condition-coverage="100% (2/2)">
                  <conditions>
                    <condition number="197" type="jump" coverage="100%" />
                  </conditions>
                </line>
                <line number="167" hits="3" branch="False" />
                <line number="171" hits="1" branch="False" />
                <line number="172" hits="1" branch="False" />
                <line number="173" hits="1" branch="False" />
                <line number="174" hits="1" branch="True" condition-coverage="50% (1/2)">
                  <conditions>
                    <condition number="272" type="jump" coverage="50%" />
                  </conditions>
                </line>
                <line number="175" hits="0" branch="False" />
                <line number="177" hits="1" branch="False" />
                <line number="178" hits="15" branch="True" condition-coverage="100% (2/2)">
                  <conditions>
                    <condition number="709" type="jump" coverage="100%" />
                  </conditions>
                </line>
                <line number="179" hits="6" branch="False" />
                <line number="180" hits="6" branch="False" />
                <line number="181" hits="6" branch="False" />
                <line number="182" hits="6" branch="False" />
                <line number="183" hits="6" branch="False" />
                <line number="184" hits="1" branch="False" />
                <line number="187" hits="1" branch="True" condition-coverage="50% (1/2)">
                  <conditions>
                    <condition number="822" type="jump" coverage="50%" />
                  </conditions>
                </line>
                <line number="188" hits="0" branch="False" />
                <line number="189" hits="0" branch="True" condition-coverage="0% (0/2)">
                  <conditions>
                    <condition number="840" type="jump" coverage="0%" />
                  </conditions>
                </line>
                <line number="190" hits="0" branch="False" />
                <line number="191" hits="0" branch="False" />
                <line number="192" hits="0" branch="False" />
                <line number="195" hits="1" branch="False" />
                <line number="196" hits="1" branch="False" />
                <line number="197" hits="1" branch="False" />
                <line number="198" hits="1" branch="False" />
                <line number="199" hits="1" branch="False" />
                <line number="201" hits="1" branch="True" condition-coverage="50% (5/10)">
                  <conditions>
                    <condition number="1153" type="jump" coverage="50%" />
                    <condition number="1161" type="jump" coverage="50%" />
                    <condition number="1169" type="jump" coverage="50%" />
                    <condition number="1177" type="jump" coverage="50%" />
                    <condition number="1195" type="jump" coverage="50%" />
                  </conditions>
                </line>
                <line number="202" hits="0" branch="False" />
                <line number="205" hits="1" branch="False" />
                <line number="207" hits="1" branch="True" condition-coverage="50% (1/2)">
                  <conditions>
                    <condition number="1393" type="jump" coverage="50%" />
                  </conditions>
                </line>
                <line number="208" hits="0" branch="False" />
                <line number="210" hits="1" branch="True" condition-coverage="50% (1/2)">
                  <conditions>
                    <condition number="1438" type="jump" coverage="50%" />
                  </conditions>
                </line>
                <line number="212" hits="1" branch="False" />
                <line number="213" hits="1" branch="False" />
                <line number="214" hits="1" branch="False" />
                <line number="215" hits="1" branch="False" />
                <line number="216" hits="1" branch="False" />
                <line number="217" hits="1" branch="False" />
                <line number="218" hits="1" branch="False" />
                <line number="219" hits="1" branch="False" />
                <line number="220" hits="1" branch="False" />
                <line number="222" hits="0" branch="False" />
                <line number="223" hits="0" branch="False" />
                <line number="224" hits="0" branch="True" condition-coverage="0% (0/2)">
                  <conditions>
                    <condition number="1699" type="jump" coverage="0%" />
                  </conditions>
                </line>
                <line number="225" hits="0" branch="False" />
                <line number="226" hits="0" branch="False" />
                <line number="227" hits="0" branch="False" />
                <line number="228" hits="0" branch="False" />
                <line number="229" hits="0" branch="False" />
                <line number="231" hits="6" branch="False" />
              </lines>
            </method>
          </methods>
          <lines>
            <line number="149" hits="6" branch="False" />
            <line number="151" hits="6" branch="False" />
            <line number="152" hits="6" branch="False" />
            <line number="153" hits="6" branch="False" />
            <line number="155" hits="6" branch="True" condition-coverage="100% (2/2)">
              <conditions>
                <condition number="119" type="jump" coverage="100%" />
              </conditions>
            </line>
            <line number="156" hits="2" branch="False" />
            <line number="157" hits="2" branch="False" />
            <line number="158" hits="2" branch="False" />
            <line number="159" hits="2" branch="False" />
            <line number="160" hits="2" branch="False" />
            <line number="161" hits="2" branch="False" />
            <line number="165" hits="4" branch="False" />
            <line number="166" hits="4" branch="True" condition-coverage="100% (2/2)">
              <conditions>
                <condition number="197" type="jump" coverage="100%" />
              </conditions>
            </line>
            <line number="167" hits="3" branch="False" />
            <line number="171" hits="1" branch="False" />
            <line number="172" hits="1" branch="False" />
            <line number="173" hits="1" branch="False" />
            <line number="174" hits="1" branch="True" condition-coverage="50% (1/2)">
              <conditions>
                <condition number="272" type="jump" coverage="50%" />
              </conditions>
            </line>
            <line number="175" hits="0" branch="False" />
            <line number="177" hits="1" branch="False" />
            <line number="178" hits="15" branch="True" condition-coverage="100% (2/2)">
              <conditions>
                <condition number="709" type="jump" coverage="100%" />
              </conditions>
            </line>
            <line number="179" hits="6" branch="False" />
            <line number="180" hits="6" branch="False" />
            <line number="181" hits="6" branch="False" />
            <line number="182" hits="6" branch="False" />
            <line number="183" hits="6" branch="False" />
            <line number="184" hits="1" branch="False" />
            <line number="187" hits="1" branch="True" condition-coverage="50% (1/2)">
              <conditions>
                <condition number="822" type="jump" coverage="50%" />
              </conditions>
            </line>
            <line number="188" hits="0" branch="False" />
            <line number="189" hits="0" branch="True" condition-coverage="0% (0/2)">
              <conditions>
                <condition number="840" type="jump" coverage="0%" />
              </conditions>
            </line>
            <line number="190" hits="0" branch="False" />
            <line number="191" hits="0" branch="False" />
            <line number="192" hits="0" branch="False" />
            <line number="195" hits="1" branch="False" />
            <line number="196" hits="1" branch="False" />
            <line number="197" hits="1" branch="False" />
            <line number="198" hits="1" branch="False" />
            <line number="199" hits="1" branch="False" />
            <line number="201" hits="1" branch="True" condition-coverage="50% (5/10)">
              <conditions>
                <condition number="1153" type="jump" coverage="50%" />
                <condition number="1161" type="jump" coverage="50%" />
                <condition number="1169" type="jump" coverage="50%" />
                <condition number="1177" type="jump" coverage="50%" />
                <condition number="1195" type="jump" coverage="50%" />
              </conditions>
            </line>
            <line number="202" hits="0" branch="False" />
            <line number="205" hits="1" branch="False" />
            <line number="207" hits="1" branch="True" condition-coverage="50% (1/2)">
              <conditions>
                <condition number="1393" type="jump" coverage="50%" />
              </conditions>
            </line>
            <line number="208" hits="0" branch="False" />
            <line number="210" hits="1" branch="True" condition-coverage="50% (1/2)">
              <conditions>
                <condition number="1438" type="jump" coverage="50%" />
              </conditions>
            </line>
            <line number="212" hits="1" branch="False" />
            <line number="213" hits="1" branch="False" />
            <line number="214" hits="1" branch="False" />
            <line number="215" hits="1" branch="False" />
            <line number="216" hits="1" branch="False" />
            <line number="217" hits="1" branch="False" />
            <line number="218" hits="1" branch="False" />
            <line number="219" hits="1" branch="False" />
            <line number="220" hits="1" branch="False" />
            <line number="222" hits="0" branch="False" />
            <line number="223" hits="0" branch="False" />
            <line number="224" hits="0" branch="True" condition-coverage="0% (0/2)">
              <conditions>
                <condition number="1699" type="jump" coverage="0%" />
              </conditions>
            </line>
            <line number="225" hits="0" branch="False" />
            <line number="226" hits="0" branch="False" />
            <line number="227" hits="0" branch="False" />
            <line number="228" hits="0" branch="False" />
            <line number="229" hits="0" branch="False" />
            <line number="231" hits="6" branch="False" />
          </lines>
        </class>
        <class name="Finanzuebersicht.Services.BackupService/&lt;RollbackAsync&gt;d__13" filename="Finanzuebersicht.Core/Services/BackupService.cs" line-rate="0" branch-rate="0" complexity="4">
          <methods>
            <method name="MoveNext" signature="()" line-rate="0" branch-rate="0" complexity="4">
              <lines>
                <line number="278" hits="0" branch="False" />
                <line number="280" hits="0" branch="False" />
                <line number="281" hits="0" branch="False" />
                <line number="282" hits="0" branch="False" />
                <line number="283" hits="0" branch="False" />
                <line number="284" hits="0" branch="False" />
                <line number="285" hits="0" branch="False" />
                <line number="287" hits="0" branch="True" condition-coverage="0% (0/2)">
                  <conditions>
                    <condition number="649" type="jump" coverage="0%" />
                  </conditions>
                </line>
                <line number="288" hits="0" branch="False" />
                <line number="289" hits="0" branch="False" />
                <line number="290" hits="0" branch="False" />
                <line number="291" hits="0" branch="True" condition-coverage="0% (0/2)">
                  <conditions>
                    <condition number="696" type="jump" coverage="0%" />
                  </conditions>
                </line>
                <line number="292" hits="0" branch="False" />
                <line number="293" hits="0" branch="False" />
              </lines>
            </method>
          </methods>
          <lines>
            <line number="278" hits="0" branch="False" />
            <line number="280" hits="0" branch="False" />
            <line number="281" hits="0" branch="False" />
            <line number="282" hits="0" branch="False" />
            <line number="283" hits="0" branch="False" />
            <line number="284" hits="0" branch="False" />
            <line number="285" hits="0" branch="False" />
            <line number="287" hits="0" branch="True" condition-coverage="0% (0/2)">
              <conditions>
                <condition number="649" type="jump" coverage="0%" />
              </conditions>
            </line>
            <line number="288" hits="0" branch="False" />
            <line number="289" hits="0" branch="False" />
            <line number="290" hits="0" branch="False" />
            <line number="291" hits="0" branch="True" condition-coverage="0% (0/2)">
              <conditions>
                <condition number="696" type="jump" coverage="0%" />
              </conditions>
            </line>
            <line number="292" hits="0" branch="False" />
            <line number="293" hits="0" branch="False" />
          </lines>
        </class>
        <class name="Finanzuebersicht.Services.CategorizationService" filename="Finanzuebersicht.Core/Services/CategorizationService.cs" line-rate="1" branch-rate="0.5" complexity="2">
          <methods>
            <method name=".ctor" signature="(System.Collections.Generic.IEnumerable`1&lt;Finanzuebersicht.Services.ICategorizationStrategy&gt;,Microsoft.Extensions.Logging.ILogger`1&lt;Finanzuebersicht.Services.CategorizationService&gt;)" line-rate="1" branch-rate="0.5" complexity="2">
              <lines>
                <line number="16" hits="4" branch="False" />
                <line number="17" hits="4" branch="False" />
                <line number="18" hits="4" branch="False" />
                <line number="20" hits="4" branch="True" condition-coverage="50% (1/2)">
                  <conditions>
                    <condition number="3" type="jump" coverage="50%" />
                  </conditions>
                </line>
                <line number="21" hits="4" branch="False" />
              </lines>
            </method>
          </methods>
          <lines>
            <line number="16" hits="4" branch="False" />
            <line number="17" hits="4" branch="False" />
            <line number="18" hits="4" branch="False" />
            <line number="20" hits="4" branch="True" condition-coverage="50% (1/2)">
              <conditions>
                <condition number="3" type="jump" coverage="50%" />
              </conditions>
            </line>
            <line number="21" hits="4" branch="False" />
          </lines>
        </class>
        <class name="Finanzuebersicht.Services.CategorizationService/&lt;&gt;c" filename="Finanzuebersicht.Core/Services/CategorizationService.cs" line-rate="1" branch-rate="1" complexity="3">
          <methods>
            <method name="&lt;CategorizAsync&gt;b__3_0" signature="(Finanzuebersicht.Models.Category)" line-rate="1" branch-rate="1" complexity="1">
              <lines>
                <line number="37" hits="12" branch="False" />
              </lines>
            </method>
            <method name="&lt;CategorizAsync&gt;b__3_1" signature="(Finanzuebersicht.Models.Category)" line-rate="1" branch-rate="1" complexity="1">
              <lines>
                <line number="38" hits="5" branch="False" />
              </lines>
            </method>
            <method name="&lt;CategorizAsync&gt;b__3_2" signature="(Finanzuebersicht.Services.ICategorizationStrategy)" line-rate="1" branch-rate="1" complexity="1">
              <lines>
                <line number="41" hits="8" branch="False" />
              </lines>
            </method>
          </methods>
          <lines>
            <line number="37" hits="12" branch="False" />
            <line number="38" hits="5" branch="False" />
            <line number="41" hits="8" branch="False" />
          </lines>
        </class>
        <class name="Finanzuebersicht.Services.CategorizationService/&lt;CategorizAsync&gt;d__3" filename="Finanzuebersicht.Core/Services/CategorizationService.cs" line-rate="1" branch-rate="0.7222" complexity="18">
          <methods>
            <method name="MoveNext" signature="()" line-rate="1" branch-rate="0.7222" complexity="18">
              <lines>
                <line number="31" hits="4" branch="False" />
                <line number="32" hits="4" branch="False" />
                <line number="34" hits="4" branch="False" />
                <line number="36" hits="4" branch="False" />
                <line number="43" hits="20" branch="True" condition-coverage="100% (2/2)">
                  <conditions>
                    <condition number="763" type="jump" coverage="100%" />
                  </conditions>
                </line>
                <line number="44" hits="5" branch="False" />
                <line number="46" hits="5" branch="False" />
                <line number="47" hits="5" branch="False" />
                <line number="48" hits="4" branch="True" condition-coverage="100% (2/2)">
                  <conditions>
                    <condition number="445" type="jump" coverage="100%" />
                  </conditions>
                </line>
                <line number="49" hits="2" branch="False" />
                <line number="50" hits="2" branch="True" condition-coverage="50% (2/4)">
                  <conditions>
                    <condition number="463" type="jump" coverage="50%" />
                    <condition number="493" type="jump" coverage="50%" />
                  </conditions>
                </line>
                <line number="51" hits="2" branch="False" />
                <line number="52" hits="2" branch="False" />
                <line number="53" hits="2" branch="False" />
                <line number="54" hits="2" branch="False" />
                <line number="55" hits="6" branch="False" />
                <line number="56" hits="2" branch="False" />
                <line number="58" hits="2" branch="False" />
                <line number="59" hits="1" branch="False" />
                <line number="60" hits="1" branch="False" />
                <line number="61" hits="1" branch="True" condition-coverage="50% (1/2)">
                  <conditions>
                    <condition number="640" type="jump" coverage="50%" />
                  </conditions>
                </line>
                <line number="62" hits="1" branch="False" />
                <line number="63" hits="1" branch="False" />
                <line number="64" hits="1" branch="False" />
                <line number="65" hits="3" branch="False" />
                <line number="66" hits="1" branch="False" />
                <line number="67" hits="3" branch="False" />
                <line number="70" hits="2" branch="True" condition-coverage="100% (2/2)">
                  <conditions>
                    <condition number="818" type="jump" coverage="100%" />
                  </conditions>
                </line>
                <line number="71" hits="1" branch="False" />
                <line number="72" hits="1" branch="True" condition-coverage="50% (2/4)">
                  <conditions>
                    <condition number="833" type="jump" coverage="50%" />
                    <condition number="863" type="jump" coverage="50%" />
                  </conditions>
                </line>
                <line number="73" hits="1" branch="False" />
                <line number="74" hits="1" branch="False" />
                <line number="75" hits="3" branch="False" />
                <line number="76" hits="1" branch="False" />
                <line number="79" hits="1" branch="False" />
                <line number="80" hits="3" branch="False" />
              </lines>
            </method>
          </methods>
          <lines>
            <line number="31" hits="4" branch="False" />
            <line number="32" hits="4" branch="False" />
            <line number="34" hits="4" branch="False" />
            <line number="36" hits="4" branch="False" />
            <line number="43" hits="20" branch="True" condition-coverage="100% (2/2)">
              <conditions>
                <condition number="763" type="jump" coverage="100%" />
              </conditions>
            </line>
            <line number="44" hits="5" branch="False" />
            <line number="46" hits="5" branch="False" />
            <line number="47" hits="5" branch="False" />
            <line number="48" hits="4" branch="True" condition-coverage="100% (2/2)">
              <conditions>
                <condition number="445" type="jump" coverage="100%" />
              </conditions>
            </line>
            <line number="49" hits="2" branch="False" />
            <line number="50" hits="2" branch="True" condition-coverage="50% (2/4)">
              <conditions>
                <condition number="463" type="jump" coverage="50%" />
                <condition number="493" type="jump" coverage="50%" />
              </conditions>
            </line>
            <line number="51" hits="2" branch="False" />
            <line number="52" hits="2" branch="False" />
            <line number="53" hits="2" branch="False" />
            <line number="54" hits="2" branch="False" />
            <line number="55" hits="6" branch="False" />
            <line number="56" hits="2" branch="False" />
            <line number="58" hits="2" branch="False" />
            <line number="59" hits="1" branch="False" />
            <line number="60" hits="1" branch="False" />
            <line number="61" hits="1" branch="True" condition-coverage="50% (1/2)">
              <conditions>
                <condition number="640" type="jump" coverage="50%" />
              </conditions>
            </line>
            <line number="62" hits="1" branch="False" />
            <line number="63" hits="1" branch="False" />
            <line number="64" hits="1" branch="False" />
            <line number="65" hits="3" branch="False" />
            <line number="66" hits="1" branch="False" />
            <line number="67" hits="3" branch="False" />
            <line number="70" hits="2" branch="True" condition-coverage="100% (2/2)">
              <conditions>
                <condition number="818" type="jump" coverage="100%" />
              </conditions>
            </line>
            <line number="71" hits="1" branch="False" />
            <line number="72" hits="1" branch="True" condition-coverage="50% (2/4)">
              <conditions>
                <condition number="833" type="jump" coverage="50%" />
                <condition number="863" type="jump" coverage="50%" />
              </conditions>
            </line>
            <line number="73" hits="1" branch="False" />
            <line number="74" hits="1" branch="False" />
            <line number="75" hits="3" branch="False" />
            <line number="76" hits="1" branch="False" />
            <line number="79" hits="1" branch="False" />
            <line number="80" hits="3" branch="False" />
          </lines>
        </class>
        <class name="Finanzuebersicht.Services.DataMigrationService" filename="Finanzuebersicht.Core/Services/DataMigrationService.cs" line-rate="1" branch-rate="1" complexity="2">
          <methods>
            <method name="NeedsMigration" signature="(Finanzuebersicht.Services.BackupMetadata,System.Int32)" line-rate="1" branch-rate="1" complexity="1">
              <lines>
                <line number="21" hits="3" branch="False" />
              </lines>
            </method>
            <method name=".ctor" signature="(System.Collections.Generic.IEnumerable`1&lt;Finanzuebersicht.Services.IDataMigrator&gt;)" line-rate="1" branch-rate="1" complexity="1">
              <lines>
                <line number="11" hits="24" branch="False" />
                <line number="12" hits="24" branch="False" />
                <line number="14" hits="47" branch="False" />
                <line number="15" hits="24" branch="False" />
              </lines>
            </method>
          </methods>
          <lines>
            <line number="21" hits="3" branch="False" />
            <line number="11" hits="24" branch="False" />
            <line number="12" hits="24" branch="False" />
            <line number="14" hits="47" branch="False" />
            <line number="15" hits="24" branch="False" />
          </lines>
        </class>
        <class name="Finanzuebersicht.Services.DataMigrationService/&lt;&gt;c__DisplayClass3_0" filename="Finanzuebersicht.Core/Services/DataMigrationService.cs" line-rate="1" branch-rate="1" complexity="1">
          <methods>
            <method name="&lt;MigrateAsync&gt;b__0" signature="(Finanzuebersicht.Services.IDataMigrator)" line-rate="1" branch-rate="1" complexity="1">
              <lines>
                <line number="33" hits="3" branch="False" />
              </lines>
            </method>
          </methods>
          <lines>
            <line number="33" hits="3" branch="False" />
          </lines>
        </class>
        <class name="Finanzuebersicht.Services.DataMigrationService/&lt;MigrateAsync&gt;d__3" filename="Finanzuebersicht.Core/Services/DataMigrationService.cs" line-rate="1" branch-rate="1" complexity="6">
          <methods>
            <method name="MoveNext" signature="()" line-rate="1" branch-rate="1" complexity="6">
              <lines>
                <line number="27" hits="2" branch="False" />
                <line number="28" hits="2" branch="False" />
                <line number="29" hits="2" branch="False" />
                <line number="31" hits="3" branch="True" condition-coverage="100% (2/2)">
                  <conditions>
                    <condition number="476" type="jump" coverage="100%" />
                  </conditions>
                </line>
                <line number="32" hits="2" branch="False" />
                <line number="34" hits="2" branch="False" />
                <line number="35" hits="2" branch="False" />
                <line number="36" hits="2" branch="False" />
                <line number="38" hits="1" branch="False" />
                <line number="39" hits="1" branch="False" />
                <line number="40" hits="1" branch="False" />
                <line number="41" hits="1" branch="False" />
                <line number="43" hits="1" branch="False" />
                <line number="44" hits="1" branch="False" />
              </lines>
            </method>
          </methods>
          <lines>
            <line number="27" hits="2" branch="False" />
            <line number="28" hits="2" branch="False" />
            <line number="29" hits="2" branch="False" />
            <line number="31" hits="3" branch="True" condition-coverage="100% (2/2)">
              <conditions>
                <condition number="476" type="jump" coverage="100%" />
              </conditions>
            </line>
            <line number="32" hits="2" branch="False" />
            <line number="34" hits="2" branch="False" />
            <line number="35" hits="2" branch="False" />
            <line number="36" hits="2" branch="False" />
            <line number="38" hits="1" branch="False" />
            <line number="39" hits="1" branch="False" />
            <line number="40" hits="1" branch="False" />
            <line number="41" hits="1" branch="False" />
            <line number="43" hits="1" branch="False" />
            <line number="44" hits="1" branch="False" />
          </lines>
        </class>
        <class name="Finanzuebersicht.Services.DataServiceFacade" filename="Finanzuebersicht.Core/Services/DataServiceFacade.cs" line-rate="0.675" branch-rate="1" complexity="26">
          <methods>
            <method name="GetCategoriesAsync" signature="()" line-rate="1" branch-rate="1" complexity="1">
              <lines>
                <line number="23" hits="1" branch="False" />
              </lines>
            </method>
            <method name="SaveCategoryAsync" signature="(Finanzuebersicht.Models.Category)" line-rate="1" branch-rate="1" complexity="1">
              <lines>
                <line number="26" hits="1" branch="False" />
              </lines>
            </method>
            <method name="DeleteCategoryAsync" signature="(System.String)" line-rate="1" branch-rate="1" complexity="1">
              <lines>
                <line number="29" hits="1" branch="False" />
              </lines>
            </method>
            <method name="ReplaceAllCategoriesAsync" signature="(System.Collections.Generic.IEnumerable`1&lt;Finanzuebersicht.Models.Category&gt;)" line-rate="0" branch-rate="1" complexity="1">
              <lines>
                <line number="32" hits="0" branch="False" />
              </lines>
            </method>
            <method name="GetTransactionsAsync" signature="(System.DateTime,System.DateTime)" line-rate="1" branch-rate="1" complexity="1">
              <lines>
                <line number="35" hits="1" branch="False" />
              </lines>
            </method>
[...]
          </lines>
        </class>
        <class name="Finanzuebersicht.Application.UseCases.Dashboard.LoadForecastUseCase" filename="Finanzuebersicht.Application/UseCases/Dashboard/LoadForecastUseCase.cs" line-rate="0.5" branch-rate="1" complexity="2">
          <methods>
            <method name="ExecuteAsync" signature="(System.Int32,System.Int32,System.Int32)" line-rate="0" branch-rate="1" complexity="1">
              <lines>
                <line number="9" hits="0" branch="False" />
              </lines>
            </method>
            <method name=".ctor" signature="(Finanzuebersicht.Services.IForecastService)" line-rate="1" branch-rate="1" complexity="1">
              <lines>
                <line number="6" hits="2" branch="False" />
              </lines>
            </method>
          </methods>
          <lines>
            <line number="9" hits="0" branch="False" />
            <line number="6" hits="2" branch="False" />
          </lines>
        </class>
        <class name="Finanzuebersicht.Application.UseCases.Categories.DeleteCategoryUseCase" filename="Finanzuebersicht.Application/UseCases/Categories/DeleteCategoryUseCase.cs" line-rate="1" branch-rate="1" complexity="1">
          <methods>
            <method name=".ctor" signature="(Finanzuebersicht.Services.ICategoryRepository,Finanzuebersicht.Services.ITransactionRepository,Finanzuebersicht.Services.IRecurringTransactionRepository)" line-rate="1" branch-rate="1" complexity="1">
              <lines>
                <line number="6" hits="10" branch="False" />
                <line number="7" hits="10" branch="False" />
                <line number="8" hits="10" branch="False" />
                <line number="9" hits="10" branch="False" />
                <line number="11" hits="10" branch="False" />
                <line number="12" hits="10" branch="False" />
                <line number="13" hits="10" branch="False" />
              </lines>
            </method>
          </methods>
          <lines>
            <line number="6" hits="10" branch="False" />
            <line number="7" hits="10" branch="False" />
            <line number="8" hits="10" branch="False" />
            <line number="9" hits="10" branch="False" />
            <line number="11" hits="10" branch="False" />
            <line number="12" hits="10" branch="False" />
            <line number="13" hits="10" branch="False" />
          </lines>
        </class>
        <class name="Finanzuebersicht.Application.UseCases.Categories.DeleteCategoryUseCase/&lt;&gt;c__DisplayClass4_0" filename="Finanzuebersicht.Application/UseCases/Categories/DeleteCategoryUseCase.cs" line-rate="1" branch-rate="1" complexity="6">
          <methods>
            <method name="&lt;ExecuteAsync&gt;b__2" signature="(Finanzuebersicht.Models.Category)" line-rate="1" branch-rate="1" complexity="1">
              <lines>
                <line number="18" hits="14" branch="False" />
              </lines>
            </method>
            <method name="&lt;ExecuteAsync&gt;b__0" signature="(Finanzuebersicht.Models.Category)" line-rate="1" branch-rate="1" complexity="2">
              <lines>
                <line number="22" hits="12" branch="True" condition-coverage="100% (2/2)">
                  <conditions>
                    <condition number="16" type="jump" coverage="100%" />
                  </conditions>
                </line>
              </lines>
            </method>
            <method name="&lt;ExecuteAsync&gt;b__1" signature="(Finanzuebersicht.Models.Category)" line-rate="1" branch-rate="1" complexity="1">
              <lines>
                <line number="23" hits="11" branch="False" />
              </lines>
            </method>
            <method name="&lt;ExecuteAsync&gt;b__3" signature="(Finanzuebersicht.Models.Transaction)" line-rate="1" branch-rate="1" complexity="1">
              <lines>
                <line number="40" hits="40" branch="False" />
              </lines>
            </method>
            <method name="&lt;ExecuteAsync&gt;b__4" signature="(Finanzuebersicht.Models.RecurringTransaction)" line-rate="1" branch-rate="1" complexity="1">
              <lines>
                <line number="47" hits="31" branch="False" />
              </lines>
            </method>
          </methods>
          <lines>
            <line number="18" hits="14" branch="False" />
            <line number="22" hits="12" branch="True" condition-coverage="100% (2/2)">
              <conditions>
                <condition number="16" type="jump" coverage="100%" />
              </conditions>
            </line>
            <line number="23" hits="11" branch="False" />
            <line number="40" hits="40" branch="False" />
            <line number="47" hits="31" branch="False" />
          </lines>
        </class>
        <class name="Finanzuebersicht.Application.UseCases.Categories.DeleteCategoryUseCase/&lt;ExecuteAsync&gt;d__4" filename="Finanzuebersicht.Application/UseCases/Categories/DeleteCategoryUseCase.cs" line-rate="0.9642000000000001" branch-rate="0.9285" complexity="14">
          <methods>
            <method name="MoveNext" signature="()" line-rate="0.9642000000000001" branch-rate="0.9285" complexity="14">
              <lines>
                <line number="16" hits="7" branch="False" />
                <line number="17" hits="7" branch="False" />
                <line number="19" hits="0" branch="False" />
                <line number="21" hits="7" branch="True" condition-coverage="100% (2/2)">
                  <conditions>
                    <condition number="307" type="jump" coverage="100%" />
                  </conditions>
                </line>
                <line number="25" hits="7" branch="True" condition-coverage="100% (2/2)">
                  <conditions>
                    <condition number="356" type="jump" coverage="100%" />
                  </conditions>
                </line>
                <line number="26" hits="2" branch="False" />
                <line number="27" hits="2" branch="False" />
                <line number="28" hits="2" branch="False" />
                <line number="29" hits="2" branch="False" />
                <line number="30" hits="2" branch="False" />
                <line number="31" hits="2" branch="False" />
                <line number="32" hits="2" branch="False" />
                <line number="33" hits="2" branch="False" />
                <line number="34" hits="2" branch="False" />
                <line number="36" hits="2" branch="False" />
                <line number="37" hits="2" branch="False" />
                <line number="39" hits="7" branch="False" />
                <line number="41" hits="6" branch="False" />
                <line number="42" hits="6" branch="False" />
                <line number="43" hits="6" branch="False" />
                <line number="44" hits="6" branch="False" />
                <line number="46" hits="7" branch="False" />
                <line number="48" hits="3" branch="False" />
                <line number="49" hits="3" branch="False" />
                <line number="50" hits="3" branch="False" />
                <line number="51" hits="3" branch="False" />
                <line number="53" hits="7" branch="False" />
                <line number="54" hits="7" branch="False" />
              </lines>
            </method>
          </methods>
          <lines>
            <line number="16" hits="7" branch="False" />
            <line number="17" hits="7" branch="False" />
            <line number="19" hits="0" branch="False" />
            <line number="21" hits="7" branch="True" condition-coverage="100% (2/2)">
              <conditions>
                <condition number="307" type="jump" coverage="100%" />
              </conditions>
            </line>
            <line number="25" hits="7" branch="True" condition-coverage="100% (2/2)">
              <conditions>
                <condition number="356" type="jump" coverage="100%" />
              </conditions>
            </line>
            <line number="26" hits="2" branch="False" />
            <line number="27" hits="2" branch="False" />
            <line number="28" hits="2" branch="False" />
            <line number="29" hits="2" branch="False" />
            <line number="30" hits="2" branch="False" />
            <line number="31" hits="2" branch="False" />
            <line number="32" hits="2" branch="False" />
            <line number="33" hits="2" branch="False" />
            <line number="34" hits="2" branch="False" />
            <line number="36" hits="2" branch="False" />
            <line number="37" hits="2" branch="False" />
            <line number="39" hits="7" branch="False" />
            <line number="41" hits="6" branch="False" />
            <line number="42" hits="6" branch="False" />
            <line number="43" hits="6" branch="False" />
            <line number="44" hits="6" branch="False" />
            <line number="46" hits="7" branch="False" />
            <line number="48" hits="3" branch="False" />
            <line number="49" hits="3" branch="False" />
            <line number="50" hits="3" branch="False" />
            <line number="51" hits="3" branch="False" />
            <line number="53" hits="7" branch="False" />
            <line number="54" hits="7" branch="False" />
          </lines>
        </class>
        <class name="Finanzuebersicht.Application.UseCases.Categories.LoadCategoriesUseCase" filename="Finanzuebersicht.Application/UseCases/Categories/LoadCategoriesUseCase.cs" line-rate="1" branch-rate="1" complexity="1">
          <methods>
            <method name=".ctor" signature="(Finanzuebersicht.Services.ICategoryRepository)" line-rate="1" branch-rate="1" complexity="1">
              <lines>
                <line number="6" hits="5" branch="False" />
                <line number="8" hits="5" branch="False" />
              </lines>
            </method>
          </methods>
          <lines>
            <line number="6" hits="5" branch="False" />
            <line number="8" hits="5" branch="False" />
          </lines>
        </class>
        <class name="Finanzuebersicht.Application.UseCases.Categories.LoadCategoriesUseCase/&lt;ExecuteAsync&gt;d__2" filename="Finanzuebersicht.Application/UseCases/Categories/LoadCategoriesUseCase.cs" line-rate="1" branch-rate="1" complexity="1">
          <methods>
            <method name="MoveNext" signature="()" line-rate="1" branch-rate="1" complexity="1">
              <lines>
                <line number="11" hits="2" branch="False" />
                <line number="12" hits="2" branch="False" />
                <line number="13" hits="2" branch="False" />
              </lines>
            </method>
          </methods>
          <lines>
            <line number="11" hits="2" branch="False" />
            <line number="12" hits="2" branch="False" />
            <line number="13" hits="2" branch="False" />
          </lines>
        </class>
        <class name="Finanzuebersicht.Application.UseCases.Categories.SaveCategoryBudgetUseCase" filename="Finanzuebersicht.Application/UseCases/Categories/SaveCategoryBudgetUseCase.cs" line-rate="0" branch-rate="1" complexity="1">
          <methods>
            <method name=".ctor" signature="(Finanzuebersicht.Services.IBudgetRepository)" line-rate="0" branch-rate="1" complexity="1">
              <lines>
                <line number="6" hits="0" branch="False" />
              </lines>
            </method>
          </methods>
          <lines>
            <line number="6" hits="0" branch="False" />
          </lines>
        </class>
        <class name="Finanzuebersicht.Application.UseCases.Categories.SaveCategoryBudgetUseCase/&lt;&gt;c__DisplayClass2_0" filename="Finanzuebersicht.Application/UseCases/Categories/SaveCategoryBudgetUseCase.cs" line-rate="0" branch-rate="0" complexity="4">
          <methods>
            <method name="&lt;ExecuteAsync&gt;b__0" signature="(Finanzuebersicht.Models.CategoryBudget)" line-rate="0" branch-rate="0" complexity="4">
              <lines>
                <line number="12" hits="0" branch="True" condition-coverage="0% (0/4)">
                  <conditions>
                    <condition number="17" type="jump" coverage="0%" />
                    <condition number="66" type="jump" coverage="0%" />
                  </conditions>
                </line>
              </lines>
            </method>
          </methods>
          <lines>
            <line number="12" hits="0" branch="True" condition-coverage="0% (0/4)">
              <conditions>
                <condition number="17" type="jump" coverage="0%" />
                <condition number="66" type="jump" coverage="0%" />
              </conditions>
            </line>
          </lines>
        </class>
        <class name="Finanzuebersicht.Application.UseCases.Categories.SaveCategoryBudgetUseCase/&lt;ExecuteAsync&gt;d__2" filename="Finanzuebersicht.Application/UseCases/Categories/SaveCategoryBudgetUseCase.cs" line-rate="0" branch-rate="0" complexity="6">
          <methods>
            <method name="MoveNext" signature="()" line-rate="0" branch-rate="0" complexity="6">
              <lines>
                <line number="9" hits="0" branch="False" />
                <line number="10" hits="0" branch="False" />
                <line number="11" hits="0" branch="False" />
                <line number="14" hits="0" branch="True" condition-coverage="0% (0/2)">
                  <conditions>
                    <condition number="296" type="jump" coverage="0%" />
                  </conditions>
                </line>
                <line number="15" hits="0" branch="False" />
                <line number="16" hits="0" branch="True" condition-coverage="0% (0/2)">
                  <conditions>
                    <condition number="315" type="jump" coverage="0%" />
                  </conditions>
                </line>
                <line number="17" hits="0" branch="False" />
                <line number="18" hits="0" branch="False" />
                <line number="21" hits="0" branch="True" condition-coverage="0% (0/2)">
                  <conditions>
                    <condition number="455" type="jump" coverage="0%" />
                  </conditions>
                </line>
                <line number="22" hits="0" branch="False" />
                <line number="23" hits="0" branch="False" />
                <line number="24" hits="0" branch="False" />
                <line number="25" hits="0" branch="False" />
                <line number="27" hits="0" branch="False" />
                <line number="28" hits="0" branch="False" />
                <line number="29" hits="0" branch="False" />
                <line number="30" hits="0" branch="False" />
                <line number="31" hits="0" branch="False" />
                <line number="32" hits="0" branch="False" />
                <line number="33" hits="0" branch="False" />
                <line number="34" hits="0" branch="False" />
                <line number="35" hits="0" branch="False" />
                <line number="36" hits="0" branch="False" />
              </lines>
            </method>
          </methods>
          <lines>
            <line number="9" hits="0" branch="False" />
            <line number="10" hits="0" branch="False" />
            <line number="11" hits="0" branch="False" />
            <line number="14" hits="0" branch="True" condition-coverage="0% (0/2)">
              <conditions>
                <condition number="296" type="jump" coverage="0%" />
              </conditions>
            </line>
            <line number="15" hits="0" branch="False" />
            <line number="16" hits="0" branch="True" condition-coverage="0% (0/2)">
              <conditions>
                <condition number="315" type="jump" coverage="0%" />
              </conditions>
            </line>
            <line number="17" hits="0" branch="False" />
            <line number="18" hits="0" branch="False" />
            <line number="21" hits="0" branch="True" condition-coverage="0% (0/2)">
              <conditions>
                <condition number="455" type="jump" coverage="0%" />
              </conditions>
            </line>
            <line number="22" hits="0" branch="False" />
            <line number="23" hits="0" branch="False" />
            <line number="24" hits="0" branch="False" />
            <line number="25" hits="0" branch="False" />
            <line number="27" hits="0" branch="False" />
            <line number="28" hits="0" branch="False" />
            <line number="29" hits="0" branch="False" />
            <line number="30" hits="0" branch="False" />
            <line number="31" hits="0" branch="False" />
            <line number="32" hits="0" branch="False" />
            <line number="33" hits="0" branch="False" />
            <line number="34" hits="0" branch="False" />
            <line number="35" hits="0" branch="False" />
            <line number="36" hits="0" branch="False" />
          </lines>
        </class>
        <class name="Finanzuebersicht.Application.UseCases.Categories.SaveCategoryDetailUseCase" filename="Finanzuebersicht.Application/UseCases/Categories/SaveCategoryDetailUseCase.cs" line-rate="1" branch-rate="1" complexity="1">
          <methods>
            <method name=".ctor" signature="(Finanzuebersicht.Services.ICategoryRepository)" line-rate="1" branch-rate="1" complexity="1">
              <lines>
                <line number="6" hits="2" branch="False" />
                <line number="8" hits="2" branch="False" />
              </lines>
            </method>
          </methods>
          <lines>
            <line number="6" hits="2" branch="False" />
            <line number="8" hits="2" branch="False" />
          </lines>
        </class>
        <class name="Finanzuebersicht.Application.UseCases.Categories.SaveCategoryDetailUseCase/&lt;ExecuteAsync&gt;d__2" filename="Finanzuebersicht.Application/UseCases/Categories/SaveCategoryDetailUseCase.cs" line-rate="1" branch-rate="1" complexity="2">
          <methods>
            <method name="MoveNext" signature="()" line-rate="1" branch-rate="1" complexity="2">
              <lines>
                <line number="16" hits="2" branch="False" />
                <line number="17" hits="2" branch="True" condition-coverage="100% (2/2)">
                  <conditions>
                    <condition number="26" type="jump" coverage="100%" />
                  </conditions>
                </line>
                <line number="18" hits="2" branch="False" />
                <line number="19" hits="2" branch="False" />
                <line number="20" hits="2" branch="False" />
                <line number="21" hits="2" branch="False" />
                <line number="23" hits="2" branch="False" />
                <line number="24" hits="2" branch="False" />
                <line number="25" hits="2" branch="False" />
              </lines>
            </method>
          </methods>
          <lines>
            <line number="16" hits="2" branch="False" />
            <line number="17" hits="2" branch="True" condition-coverage="100% (2/2)">
              <conditions>
                <condition number="26" type="jump" coverage="100%" />
              </conditions>
            </line>
            <line number="18" hits="2" branch="False" />
            <line number="19" hits="2" branch="False" />
            <line number="20" hits="2" branch="False" />
            <line number="21" hits="2" branch="False" />
            <line number="23" hits="2" branch="False" />
            <line number="24" hits="2" branch="False" />
            <line number="25" hits="2" branch="False" />
          </lines>
        </class>
      </classes>
    </package>
  </packages>
</coverage>